21:50:10.306-[xmxl][sys]-- INFO 20120 --- [           main] com.interview.user.UserApplication       : The following 1 profile is active: "local"
21:50:10.320-[xmxl][sys]-- INFO 20120 --- [           main] c.a.c.n.c.NacosConfigDataLoader          : [Nacos Config] Load config[dataId=shared-feign.yaml, group=DEFAULT_GROUP] success
21:50:10.321-[xmxl][sys]-- INFO 20120 --- [           main] c.a.c.n.c.NacosConfigDataLoader          : [Nacos Config] Load config[dataId=shared-logs.yaml, group=DEFAULT_GROUP] success
21:50:10.321-[xmxl][sys]-- INFO 20120 --- [           main] c.a.c.n.c.NacosConfigDataLoader          : [Nacos Config] Load config[dataId=shared-mybatis.yaml, group=DEFAULT_GROUP] success
21:50:10.321-[xmxl][sys]-- INFO 20120 --- [           main] c.a.c.n.c.NacosConfigDataLoader          : [Nacos Config] Load config[dataId=shared-redis.yaml, group=DEFAULT_GROUP] success
21:50:10.321-[xmxl][sys]-- INFO 20120 --- [           main] c.a.c.n.c.NacosConfigDataLoader          : [Nacos Config] Load config[dataId=shared-spring.yaml, group=DEFAULT_GROUP] success
21:50:10.321-[xmxl][sys]-- INFO 20120 --- [           main] c.a.c.n.c.NacosConfigDataLoader          : [Nacos Config] Load config[dataId=user-service.yaml, group=DEFAULT_GROUP] success
21:50:10.934-[xmxl][sys]-- INFO 20120 --- [           main] .s.d.r.c.RepositoryConfigurationDelegate : Multiple Spring Data modules found, entering strict repository configuration mode
21:50:10.937-[xmxl][sys]-- INFO 20120 --- [           main] .s.d.r.c.RepositoryConfigurationDelegate : Bootstrapping Spring Data Redis repositories in DEFAULT mode.
21:50:10.963-[xmxl][sys]-- INFO 20120 --- [           main] .s.d.r.c.RepositoryConfigurationDelegate : Finished Spring Data repository scanning in 11 ms. Found 0 Redis repository interfaces.
21:50:11.186-[xmxl][sys]-- INFO 20120 --- [           main] o.s.cloud.context.scope.GenericScope     : BeanFactory id=64dbb9a0-3645-37c9-b44a-14f2a095a41c
21:50:11.224-[xmxl][sys]-- WARN 20120 --- [           main] trationDelegate$BeanPostProcessorChecker : Bean 'com.alibaba.cloud.nacos.NacosConfigAutoConfiguration' of type [com.alibaba.cloud.nacos.NacosConfigAutoConfiguration] is not eligible for getting processed by all BeanPostProcessors (for example: not eligible for auto-proxying). The currently created BeanPostProcessor [nacosAnnotationProcessor] is declared through a non-static factory method on that class; consider declaring it as static instead.
21:50:11.387-[xmxl][sys]-- WARN 20120 --- [           main] trationDelegate$BeanPostProcessorChecker : Bean 'org.springframework.cloud.client.loadbalancer.LoadBalancerAutoConfiguration$DeferringLoadBalancerInterceptorConfig' of type [org.springframework.cloud.client.loadbalancer.LoadBalancerAutoConfiguration$DeferringLoadBalancerInterceptorConfig] is not eligible for getting processed by all BeanPostProcessors (for example: not eligible for auto-proxying). The currently created BeanPostProcessor [lbRestClientPostProcessor] is declared through a non-static factory method on that class; consider declaring it as static instead.
21:50:11.388-[xmxl][sys]-- WARN 20120 --- [           main] trationDelegate$BeanPostProcessorChecker : Bean 'deferringLoadBalancerInterceptor' of type [org.springframework.cloud.client.loadbalancer.DeferringLoadBalancerInterceptor] is not eligible for getting processed by all BeanPostProcessors (for example: not eligible for auto-proxying). Is this bean getting eagerly injected/applied to a currently created BeanPostProcessor [lbRestClientPostProcessor]? Check the corresponding BeanPostProcessor declaration and its dependencies/advisors. If this bean does not have to be post-processed, declare it with ROLE_INFRASTRUCTURE.
21:50:11.667-[xmxl][sys]-- INFO 20120 --- [           main] o.s.b.w.embedded.tomcat.TomcatWebServer  : Tomcat initialized with port 8069 (http)
21:50:11.678-[xmxl][sys]-- INFO 20120 --- [           main] o.apache.catalina.core.StandardService   : Starting service [Tomcat]
21:50:11.678-[xmxl][sys]-- INFO 20120 --- [           main] o.apache.catalina.core.StandardEngine    : Starting Servlet engine: [Apache Tomcat/10.1.31]
21:50:11.742-[xmxl][sys]-- INFO 20120 --- [           main] o.a.c.c.C.[Tomcat].[localhost].[/]       : Initializing Spring embedded WebApplicationContext
21:50:11.743-[xmxl][sys]-- INFO 20120 --- [           main] w.s.c.ServletWebServerApplicationContext : Root WebApplicationContext: initialization completed in 1421 ms
21:50:14.076-[xmxl][sys]-- WARN 20120 --- [           main] iguration$LoadBalancerCaffeineWarnLogger : Spring Cloud LoadBalancer is currently working with the default cache. While this cache implementation is useful for development and tests, it's recommended to use Caffeine cache in production.You can switch to using Caffeine cache, by adding it and org.springframework.cache.caffeine.CaffeineCacheManager to the classpath.
21:50:14.128-[xmxl][sys]-- INFO 20120 --- [           main] o.s.b.w.embedded.tomcat.TomcatWebServer  : Tomcat started on port 8069 (http) with context path '/'
21:50:14.142-[xmxl][sys]-- INFO 20120 --- [           main] c.a.n.p.a.s.c.ClientAuthPluginManager    : [ClientAuthPluginManager] Load ClientAuthService com.alibaba.nacos.client.auth.impl.NacosClientAuthServiceImpl success.
21:50:14.142-[xmxl][sys]-- INFO 20120 --- [           main] c.a.n.p.a.s.c.ClientAuthPluginManager    : [ClientAuthPluginManager] Load ClientAuthService com.alibaba.nacos.client.auth.ram.RamClientAuthServiceImpl success.
21:50:14.256-[xmxl][sys]-- INFO 20120 --- [           main] c.a.c.n.registry.NacosServiceRegistry    : nacos registry, DEFAULT_GROUP user-service 192.168.150.1:8069 register finished
21:50:14.920-[xmxl][sys]-- INFO 20120 --- [           main] com.interview.user.UserApplication       : Started UserApplication in 8.978 seconds (process running for 9.744)
21:50:14.934-[xmxl][sys]-- INFO 20120 --- [           main] c.a.c.n.refresh.NacosContextRefresher    : [Nacos Config] Listening config: dataId=user-service.yaml, group=DEFAULT_GROUP
21:50:14.935-[xmxl][sys]-- INFO 20120 --- [           main] c.a.c.n.refresh.NacosContextRefresher    : [Nacos Config] Listening config: dataId=shared-redis.yaml, group=DEFAULT_GROUP
21:50:14.935-[xmxl][sys]-- INFO 20120 --- [           main] c.a.c.n.refresh.NacosContextRefresher    : [Nacos Config] Listening config: dataId=shared-spring.yaml, group=DEFAULT_GROUP
21:50:14.937-[xmxl][sys]-- INFO 20120 --- [           main] c.a.c.n.refresh.NacosContextRefresher    : [Nacos Config] Listening config: dataId=shared-feign.yaml, group=DEFAULT_GROUP
21:50:14.937-[xmxl][sys]-- INFO 20120 --- [           main] c.a.c.n.refresh.NacosContextRefresher    : [Nacos Config] Listening config: dataId=shared-mybatis.yaml, group=DEFAULT_GROUP
21:50:14.938-[xmxl][sys]-- INFO 20120 --- [           main] c.a.c.n.refresh.NacosContextRefresher    : [Nacos Config] Listening config: dataId=shared-logs.yaml, group=DEFAULT_GROUP
21:50:14.939-[xmxl][sys]-- INFO 20120 --- [           main] com.interview.user.UserApplication       : --/
---------------------------------------------------------------------------------------
	Application 'user-service' is running! Access URLs:
	Local: 		http://localhost:8069
	External: 	http://10.6.81.69:8069
	Profile(s): 	[local]
---------------------------------------------------------------------------------------
22:07:36.259-[xmxl][sys]-- WARN 20120 --- [      Thread-15] c.a.nacos.common.notify.NotifyCenter     : [NotifyCenter] Start destroying Publisher
22:07:36.259-[xmxl][sys]-- WARN 20120 --- [       Thread-2] c.a.n.common.executor.ThreadPoolManager  : [ThreadPoolManager] Start destroying ThreadPool
22:07:36.259-[xmxl][sys]-- WARN 20120 --- [      Thread-15] c.a.nacos.common.notify.NotifyCenter     : [NotifyCenter] Destruction of the end
22:07:36.259-[xmxl][sys]-- WARN 20120 --- [       Thread-2] c.a.n.common.executor.ThreadPoolManager  : [ThreadPoolManager] Destruction of the end
22:07:36.259-[xmxl][sys]-- WARN 20120 --- [      Thread-13] c.a.n.common.http.HttpClientBeanHolder   : [HttpClientBeanHolder] Start destroying common HttpClient
22:07:36.261-[xmxl][sys]-- WARN 20120 --- [      Thread-13] c.a.n.common.http.HttpClientBeanHolder   : [HttpClientBeanHolder] Destruction of the end
22:07:36.775-[xmxl][sys]-- INFO 20120 --- [ionShutdownHook] c.a.c.n.registry.NacosServiceRegistry    : De-registering from Nacos Server now...
22:07:36.796-[xmxl][sys]-- INFO 20120 --- [ionShutdownHook] c.a.c.n.registry.NacosServiceRegistry    : De-registration finished.
22:09:50.445-[xmxl][sys]-- INFO 22160 --- [           main] com.interview.user.UserApplication       : The following 1 profile is active: "local"
22:09:50.454-[xmxl][sys]-- INFO 22160 --- [           main] c.a.c.n.c.NacosConfigDataLoader          : [Nacos Config] Load config[dataId=shared-feign.yaml, group=DEFAULT_GROUP] success
22:09:50.455-[xmxl][sys]-- INFO 22160 --- [           main] c.a.c.n.c.NacosConfigDataLoader          : [Nacos Config] Load config[dataId=shared-logs.yaml, group=DEFAULT_GROUP] success
22:09:50.455-[xmxl][sys]-- INFO 22160 --- [           main] c.a.c.n.c.NacosConfigDataLoader          : [Nacos Config] Load config[dataId=shared-mybatis.yaml, group=DEFAULT_GROUP] success
22:09:50.455-[xmxl][sys]-- INFO 22160 --- [           main] c.a.c.n.c.NacosConfigDataLoader          : [Nacos Config] Load config[dataId=shared-redis.yaml, group=DEFAULT_GROUP] success
22:09:50.455-[xmxl][sys]-- INFO 22160 --- [           main] c.a.c.n.c.NacosConfigDataLoader          : [Nacos Config] Load config[dataId=shared-spring.yaml, group=DEFAULT_GROUP] success
22:09:50.455-[xmxl][sys]-- INFO 22160 --- [           main] c.a.c.n.c.NacosConfigDataLoader          : [Nacos Config] Load config[dataId=user-service.yaml, group=DEFAULT_GROUP] success
22:09:50.899-[xmxl][sys]-- INFO 22160 --- [           main] .s.d.r.c.RepositoryConfigurationDelegate : Multiple Spring Data modules found, entering strict repository configuration mode
22:09:50.902-[xmxl][sys]-- INFO 22160 --- [           main] .s.d.r.c.RepositoryConfigurationDelegate : Bootstrapping Spring Data Redis repositories in DEFAULT mode.
22:09:50.917-[xmxl][sys]-- INFO 22160 --- [           main] .s.d.r.c.RepositoryConfigurationDelegate : Finished Spring Data repository scanning in 6 ms. Found 0 Redis repository interfaces.
22:09:51.070-[xmxl][sys]-- INFO 22160 --- [           main] o.s.cloud.context.scope.GenericScope     : BeanFactory id=64dbb9a0-3645-37c9-b44a-14f2a095a41c
22:09:51.093-[xmxl][sys]-- WARN 22160 --- [           main] trationDelegate$BeanPostProcessorChecker : Bean 'com.alibaba.cloud.nacos.NacosConfigAutoConfiguration' of type [com.alibaba.cloud.nacos.NacosConfigAutoConfiguration] is not eligible for getting processed by all BeanPostProcessors (for example: not eligible for auto-proxying). The currently created BeanPostProcessor [nacosAnnotationProcessor] is declared through a non-static factory method on that class; consider declaring it as static instead.
22:09:51.206-[xmxl][sys]-- WARN 22160 --- [           main] trationDelegate$BeanPostProcessorChecker : Bean 'org.springframework.cloud.client.loadbalancer.LoadBalancerAutoConfiguration$DeferringLoadBalancerInterceptorConfig' of type [org.springframework.cloud.client.loadbalancer.LoadBalancerAutoConfiguration$DeferringLoadBalancerInterceptorConfig] is not eligible for getting processed by all BeanPostProcessors (for example: not eligible for auto-proxying). The currently created BeanPostProcessor [lbRestClientPostProcessor] is declared through a non-static factory method on that class; consider declaring it as static instead.
22:09:51.206-[xmxl][sys]-- WARN 22160 --- [           main] trationDelegate$BeanPostProcessorChecker : Bean 'deferringLoadBalancerInterceptor' of type [org.springframework.cloud.client.loadbalancer.DeferringLoadBalancerInterceptor] is not eligible for getting processed by all BeanPostProcessors (for example: not eligible for auto-proxying). Is this bean getting eagerly injected/applied to a currently created BeanPostProcessor [lbRestClientPostProcessor]? Check the corresponding BeanPostProcessor declaration and its dependencies/advisors. If this bean does not have to be post-processed, declare it with ROLE_INFRASTRUCTURE.
22:09:51.364-[xmxl][sys]-- INFO 22160 --- [           main] o.s.b.w.embedded.tomcat.TomcatWebServer  : Tomcat initialized with port 8069 (http)
22:09:51.373-[xmxl][sys]-- INFO 22160 --- [           main] o.apache.catalina.core.StandardService   : Starting service [Tomcat]
22:09:51.373-[xmxl][sys]-- INFO 22160 --- [           main] o.apache.catalina.core.StandardEngine    : Starting Servlet engine: [Apache Tomcat/10.1.31]
22:09:51.423-[xmxl][sys]-- INFO 22160 --- [           main] o.a.c.c.C.[Tomcat].[localhost].[/]       : Initializing Spring embedded WebApplicationContext
22:09:51.424-[xmxl][sys]-- INFO 22160 --- [           main] w.s.c.ServletWebServerApplicationContext : Root WebApplicationContext: initialization completed in 969 ms
22:09:53.283-[xmxl][sys]-- WARN 22160 --- [           main] iguration$LoadBalancerCaffeineWarnLogger : Spring Cloud LoadBalancer is currently working with the default cache. While this cache implementation is useful for development and tests, it's recommended to use Caffeine cache in production.You can switch to using Caffeine cache, by adding it and org.springframework.cache.caffeine.CaffeineCacheManager to the classpath.
22:09:53.347-[xmxl][sys]-- INFO 22160 --- [           main] o.s.b.w.embedded.tomcat.TomcatWebServer  : Tomcat started on port 8069 (http) with context path '/'
22:09:53.358-[xmxl][sys]-- INFO 22160 --- [           main] c.a.n.p.a.s.c.ClientAuthPluginManager    : [ClientAuthPluginManager] Load ClientAuthService com.alibaba.nacos.client.auth.impl.NacosClientAuthServiceImpl success.
22:09:53.358-[xmxl][sys]-- INFO 22160 --- [           main] c.a.n.p.a.s.c.ClientAuthPluginManager    : [ClientAuthPluginManager] Load ClientAuthService com.alibaba.nacos.client.auth.ram.RamClientAuthServiceImpl success.
22:09:53.471-[xmxl][sys]-- INFO 22160 --- [           main] c.a.c.n.registry.NacosServiceRegistry    : nacos registry, DEFAULT_GROUP user-service 192.168.150.1:8069 register finished
22:09:54.133-[xmxl][sys]-- INFO 22160 --- [           main] com.interview.user.UserApplication       : Started UserApplication in 7.055 seconds (process running for 7.602)
22:09:54.144-[xmxl][sys]-- INFO 22160 --- [           main] c.a.c.n.refresh.NacosContextRefresher    : [Nacos Config] Listening config: dataId=user-service.yaml, group=DEFAULT_GROUP
22:09:54.144-[xmxl][sys]-- INFO 22160 --- [           main] c.a.c.n.refresh.NacosContextRefresher    : [Nacos Config] Listening config: dataId=shared-redis.yaml, group=DEFAULT_GROUP
22:09:54.145-[xmxl][sys]-- INFO 22160 --- [           main] c.a.c.n.refresh.NacosContextRefresher    : [Nacos Config] Listening config: dataId=shared-spring.yaml, group=DEFAULT_GROUP
22:09:54.145-[xmxl][sys]-- INFO 22160 --- [           main] c.a.c.n.refresh.NacosContextRefresher    : [Nacos Config] Listening config: dataId=shared-feign.yaml, group=DEFAULT_GROUP
22:09:54.146-[xmxl][sys]-- INFO 22160 --- [           main] c.a.c.n.refresh.NacosContextRefresher    : [Nacos Config] Listening config: dataId=shared-mybatis.yaml, group=DEFAULT_GROUP
22:09:54.146-[xmxl][sys]-- INFO 22160 --- [           main] c.a.c.n.refresh.NacosContextRefresher    : [Nacos Config] Listening config: dataId=shared-logs.yaml, group=DEFAULT_GROUP
22:09:54.147-[xmxl][sys]-- INFO 22160 --- [           main] com.interview.user.UserApplication       : --/
---------------------------------------------------------------------------------------
	Application 'user-service' is running! Access URLs:
	Local: 		http://localhost:8069
	External: 	http://10.6.81.69:8069
	Profile(s): 	[local]
---------------------------------------------------------------------------------------
22:12:49.497-[xmxl][sys]-- INFO 22160 --- [nio-8069-exec-1] o.a.c.c.C.[Tomcat].[localhost].[/]       : Initializing Spring DispatcherServlet 'dispatcherServlet'
22:12:49.497-[xmxl][sys]-- INFO 22160 --- [nio-8069-exec-1] o.s.web.servlet.DispatcherServlet        : Initializing Servlet 'dispatcherServlet'
22:12:49.498-[xmxl][sys]-- INFO 22160 --- [nio-8069-exec-1] o.s.web.servlet.DispatcherServlet        : Completed initialization in 1 ms
22:12:49.544-[xmxl][sys]-- INFO 22160 --- [nio-8069-exec-1] c.i.user.controller.UsersController      : start to getUser username=xmxl1,password=123456
22:12:49.629-[xmxl][sys]-- INFO 22160 --- [nio-8069-exec-1] com.zaxxer.hikari.HikariDataSource       : HikariPool-1 - Starting...
22:12:49.967-[xmxl][sys]-- INFO 22160 --- [nio-8069-exec-1] com.zaxxer.hikari.pool.HikariPool        : HikariPool-1 - Added connection com.mysql.cj.jdbc.ConnectionImpl@680f609
22:12:49.969-[xmxl][sys]-- INFO 22160 --- [nio-8069-exec-1] com.zaxxer.hikari.HikariDataSource       : HikariPool-1 - Start completed.
22:35:58.407-[xmxl][sys]-- WARN 22160 --- [      Thread-13] c.a.n.common.http.HttpClientBeanHolder   : [HttpClientBeanHolder] Start destroying common HttpClient
22:35:58.408-[xmxl][sys]-- WARN 22160 --- [       Thread-2] c.a.n.common.executor.ThreadPoolManager  : [ThreadPoolManager] Start destroying ThreadPool
22:35:58.407-[xmxl][sys]-- WARN 22160 --- [      Thread-15] c.a.nacos.common.notify.NotifyCenter     : [NotifyCenter] Start destroying Publisher
22:35:58.408-[xmxl][sys]-- WARN 22160 --- [      Thread-15] c.a.nacos.common.notify.NotifyCenter     : [NotifyCenter] Destruction of the end
22:35:58.408-[xmxl][sys]-- WARN 22160 --- [      Thread-13] c.a.n.common.http.HttpClientBeanHolder   : [HttpClientBeanHolder] Destruction of the end
22:35:58.408-[xmxl][sys]-- WARN 22160 --- [       Thread-2] c.a.n.common.executor.ThreadPoolManager  : [ThreadPoolManager] Destruction of the end
22:35:58.930-[xmxl][sys]-- INFO 22160 --- [ionShutdownHook] c.a.c.n.registry.NacosServiceRegistry    : De-registering from Nacos Server now...
22:35:58.937-[xmxl][sys]-- INFO 22160 --- [ionShutdownHook] c.a.c.n.registry.NacosServiceRegistry    : De-registration finished.
22:35:58.943-[xmxl][sys]-- INFO 22160 --- [ionShutdownHook] com.zaxxer.hikari.HikariDataSource       : HikariPool-1 - Shutdown initiated...
22:35:58.958-[xmxl][sys]-- INFO 22160 --- [ionShutdownHook] com.zaxxer.hikari.HikariDataSource       : HikariPool-1 - Shutdown completed.
